{"/Users/alexander/Dropbox/FH/nodejs-2014-chat/backend/spec/runner.js":{"path":"/Users/alexander/Dropbox/FH/nodejs-2014-chat/backend/spec/runner.js","s":{"1":1,"2":1,"3":1,"4":1,"5":1,"6":1,"7":1,"8":1,"9":1,"10":7,"11":1,"12":1,"13":1,"14":1,"15":1,"16":1,"17":1,"18":1,"19":1,"20":1,"21":1,"22":1,"23":1,"24":1,"25":1,"26":1,"27":1,"28":1,"29":1,"30":1,"31":1},"b":{},"f":{"1":7,"2":46,"3":10,"4":1,"5":1,"6":7,"7":1,"8":1,"9":1,"10":1,"11":1,"12":1,"13":1},"fnMap":{"1":{"name":"(anonymous_1)","line":4,"loc":{"start":{"line":4,"column":27},"end":{"line":4,"column":44}}},"2":{"name":"(anonymous_2)","line":8,"loc":{"start":{"line":8,"column":25},"end":{"line":8,"column":40}}},"3":{"name":"(anonymous_3)","line":12,"loc":{"start":{"line":12,"column":25},"end":{"line":12,"column":43}}},"4":{"name":"(anonymous_4)","line":16,"loc":{"start":{"line":16,"column":17},"end":{"line":16,"column":28}}},"5":{"name":"(anonymous_5)","line":17,"loc":{"start":{"line":17,"column":45},"end":{"line":17,"column":56}}},"6":{"name":"(anonymous_6)","line":20,"loc":{"start":{"line":20,"column":17},"end":{"line":20,"column":28}}},"7":{"name":"(anonymous_7)","line":24,"loc":{"start":{"line":24,"column":39},"end":{"line":24,"column":50}}},"8":{"name":"(anonymous_8)","line":28,"loc":{"start":{"line":28,"column":53},"end":{"line":28,"column":64}}},"9":{"name":"(anonymous_9)","line":33,"loc":{"start":{"line":33,"column":45},"end":{"line":33,"column":56}}},"10":{"name":"(anonymous_10)","line":37,"loc":{"start":{"line":37,"column":56},"end":{"line":37,"column":67}}},"11":{"name":"(anonymous_11)","line":42,"loc":{"start":{"line":42,"column":54},"end":{"line":42,"column":65}}},"12":{"name":"(anonymous_12)","line":48,"loc":{"start":{"line":48,"column":68},"end":{"line":48,"column":79}}},"13":{"name":"(anonymous_13)","line":53,"loc":{"start":{"line":53,"column":52},"end":{"line":53,"column":63}}}},"statementMap":{"1":{"start":{"line":1,"column":0},"end":{"line":1,"column":37}},"2":{"start":{"line":2,"column":0},"end":{"line":2,"column":31}},"3":{"start":{"line":4,"column":0},"end":{"line":6,"column":2}},"4":{"start":{"line":8,"column":0},"end":{"line":10,"column":2}},"5":{"start":{"line":12,"column":0},"end":{"line":14,"column":2}},"6":{"start":{"line":16,"column":0},"end":{"line":59,"column":3}},"7":{"start":{"line":17,"column":3},"end":{"line":58,"column":6}},"8":{"start":{"line":18,"column":8},"end":{"line":18,"column":33}},"9":{"start":{"line":20,"column":6},"end":{"line":22,"column":9}},"10":{"start":{"line":21,"column":8},"end":{"line":21,"column":39}},"11":{"start":{"line":24,"column":7},"end":{"line":26,"column":10}},"12":{"start":{"line":25,"column":11},"end":{"line":25,"column":52}},"13":{"start":{"line":28,"column":7},"end":{"line":31,"column":10}},"14":{"start":{"line":29,"column":11},"end":{"line":29,"column":36}},"15":{"start":{"line":30,"column":11},"end":{"line":30,"column":52}},"16":{"start":{"line":33,"column":7},"end":{"line":35,"column":10}},"17":{"start":{"line":34,"column":11},"end":{"line":34,"column":66}},"18":{"start":{"line":37,"column":7},"end":{"line":40,"column":10}},"19":{"start":{"line":38,"column":11},"end":{"line":38,"column":55}},"20":{"start":{"line":39,"column":11},"end":{"line":39,"column":69}},"21":{"start":{"line":42,"column":7},"end":{"line":46,"column":10}},"22":{"start":{"line":43,"column":11},"end":{"line":43,"column":55}},"23":{"start":{"line":44,"column":11},"end":{"line":44,"column":56}},"24":{"start":{"line":45,"column":11},"end":{"line":45,"column":72}},"25":{"start":{"line":48,"column":7},"end":{"line":51,"column":10}},"26":{"start":{"line":49,"column":11},"end":{"line":49,"column":58}},"27":{"start":{"line":50,"column":11},"end":{"line":50,"column":55}},"28":{"start":{"line":53,"column":7},"end":{"line":57,"column":10}},"29":{"start":{"line":54,"column":11},"end":{"line":54,"column":50}},"30":{"start":{"line":55,"column":11},"end":{"line":55,"column":52}},"31":{"start":{"line":56,"column":11},"end":{"line":56,"column":66}}},"branchMap":{}},"/Users/alexander/Dropbox/FH/nodejs-2014-chat/backend/models/user.js":{"path":"/Users/alexander/Dropbox/FH/nodejs-2014-chat/backend/models/user.js","s":{"1":1,"2":1,"3":1,"4":1,"5":1,"6":7,"7":7,"8":7,"9":7,"10":0,"11":7,"12":0,"13":7,"14":7,"15":7,"16":1,"17":9,"18":9,"19":9,"20":9,"21":2,"22":9,"23":0,"24":0,"25":1,"26":20,"27":1,"28":0,"29":1,"30":0,"31":0,"32":0,"33":0,"34":0,"35":1,"36":2,"37":2,"38":1,"39":1,"40":1,"41":1,"42":1,"43":1,"44":1,"45":5,"46":5,"47":4,"48":1,"49":18,"50":7,"51":11,"52":1,"53":10,"54":10,"55":10,"56":0,"57":1,"58":3,"59":3,"60":3,"61":3,"62":0,"63":1,"64":0,"65":1,"66":0,"67":1},"b":{"1":[0,7],"2":[7,7],"3":[0,7],"4":[9,0],"5":[2,7],"6":[0,9],"7":[0,0],"8":[1,0],"9":[1,1],"10":[4,1],"11":[7,11],"12":[10,0]},"f":{"1":7,"2":9,"3":20,"4":0,"5":0,"6":0,"7":2,"8":1,"9":1,"10":5,"11":18,"12":10,"13":3,"14":0,"15":0},"fnMap":{"1":{"name":"User","line":6,"loc":{"start":{"line":6,"column":11},"end":{"line":6,"column":39}}},"2":{"name":"(anonymous_2)","line":26,"loc":{"start":{"line":26,"column":25},"end":{"line":26,"column":40}}},"3":{"name":"(anonymous_3)","line":41,"loc":{"start":{"line":41,"column":25},"end":{"line":41,"column":36}}},"4":{"name":"(anonymous_4)","line":45,"loc":{"start":{"line":45,"column":31},"end":{"line":45,"column":42}}},"5":{"name":"(anonymous_5)","line":49,"loc":{"start":{"line":49,"column":27},"end":{"line":49,"column":44}}},"6":{"name":"(anonymous_6)","line":51,"loc":{"start":{"line":51,"column":31},"end":{"line":51,"column":49}}},"7":{"name":"(anonymous_7)","line":61,"loc":{"start":{"line":61,"column":13},"end":{"line":61,"column":24}}},"8":{"name":"(anonymous_8)","line":66,"loc":{"start":{"line":66,"column":14},"end":{"line":66,"column":25}}},"9":{"name":"(anonymous_9)","line":72,"loc":{"start":{"line":72,"column":13},"end":{"line":72,"column":24}}},"10":{"name":"(anonymous_10)","line":81,"loc":{"start":{"line":81,"column":38},"end":{"line":81,"column":56}}},"11":{"name":"(anonymous_11)","line":90,"loc":{"start":{"line":90,"column":32},"end":{"line":90,"column":43}}},"12":{"name":"(anonymous_12)","line":97,"loc":{"start":{"line":97,"column":32},"end":{"line":97,"column":47}}},"13":{"name":"(anonymous_13)","line":107,"loc":{"start":{"line":107,"column":28},"end":{"line":107,"column":47}}},"14":{"name":"(anonymous_14)","line":117,"loc":{"start":{"line":117,"column":25},"end":{"line":117,"column":40}}},"15":{"name":"(anonymous_15)","line":121,"loc":{"start":{"line":121,"column":25},"end":{"line":121,"column":43}}}},"statementMap":{"1":{"start":{"line":1,"column":0},"end":{"line":1,"column":31}},"2":{"start":{"line":2,"column":0},"end":{"line":2,"column":29}},"3":{"start":{"line":3,"column":0},"end":{"line":3,"column":29}},"4":{"start":{"line":4,"column":0},"end":{"line":4,"column":43}},"5":{"start":{"line":6,"column":0},"end":{"line":24,"column":2}},"6":{"start":{"line":7,"column":4},"end":{"line":7,"column":22}},"7":{"start":{"line":8,"column":4},"end":{"line":8,"column":24}},"8":{"start":{"line":9,"column":4},"end":{"line":9,"column":29}},"9":{"start":{"line":11,"column":4},"end":{"line":13,"column":5}},"10":{"start":{"line":12,"column":8},"end":{"line":12,"column":56}},"11":{"start":{"line":15,"column":4},"end":{"line":17,"column":5}},"12":{"start":{"line":16,"column":8},"end":{"line":16,"column":36}},"13":{"start":{"line":19,"column":4},"end":{"line":19,"column":23}},"14":{"start":{"line":21,"column":4},"end":{"line":21,"column":27}},"15":{"start":{"line":23,"column":4},"end":{"line":23,"column":46}},"16":{"start":{"line":26,"column":0},"end":{"line":39,"column":2}},"17":{"start":{"line":27,"column":4},"end":{"line":38,"column":5}},"18":{"start":{"line":28,"column":8},"end":{"line":28,"column":33}},"19":{"start":{"line":29,"column":8},"end":{"line":29,"column":26}},"20":{"start":{"line":30,"column":8},"end":{"line":32,"column":9}},"21":{"start":{"line":31,"column":12},"end":{"line":31,"column":101}},"22":{"start":{"line":33,"column":8},"end":{"line":35,"column":9}},"23":{"start":{"line":34,"column":12},"end":{"line":34,"column":58}},"24":{"start":{"line":37,"column":8},"end":{"line":37,"column":68}},"25":{"start":{"line":41,"column":0},"end":{"line":43,"column":2}},"26":{"start":{"line":42,"column":4},"end":{"line":42,"column":22}},"27":{"start":{"line":45,"column":0},"end":{"line":47,"column":2}},"28":{"start":{"line":46,"column":4},"end":{"line":46,"column":54}},"29":{"start":{"line":49,"column":0},"end":{"line":58,"column":2}},"30":{"start":{"line":50,"column":4},"end":{"line":50,"column":26}},"31":{"start":{"line":51,"column":4},"end":{"line":57,"column":18}},"32":{"start":{"line":52,"column":8},"end":{"line":56,"column":9}},"33":{"start":{"line":53,"column":12},"end":{"line":53,"column":47}},"34":{"start":{"line":55,"column":12},"end":{"line":55,"column":86}},"35":{"start":{"line":60,"column":0},"end":{"line":78,"column":1}},"36":{"start":{"line":62,"column":8},"end":{"line":62,"column":36}},"37":{"start":{"line":63,"column":8},"end":{"line":63,"column":34}},"38":{"start":{"line":67,"column":8},"end":{"line":67,"column":36}},"39":{"start":{"line":68,"column":8},"end":{"line":68,"column":33}},"40":{"start":{"line":69,"column":8},"end":{"line":69,"column":43}},"41":{"start":{"line":73,"column":8},"end":{"line":73,"column":35}},"42":{"start":{"line":74,"column":8},"end":{"line":76,"column":9}},"43":{"start":{"line":75,"column":12},"end":{"line":75,"column":34}},"44":{"start":{"line":81,"column":0},"end":{"line":88,"column":2}},"45":{"start":{"line":82,"column":4},"end":{"line":83,"column":34}},"46":{"start":{"line":85,"column":4},"end":{"line":87,"column":5}},"47":{"start":{"line":86,"column":8},"end":{"line":86,"column":49}},"48":{"start":{"line":90,"column":0},"end":{"line":95,"column":2}},"49":{"start":{"line":91,"column":4},"end":{"line":93,"column":5}},"50":{"start":{"line":92,"column":8},"end":{"line":92,"column":21}},"51":{"start":{"line":94,"column":4},"end":{"line":94,"column":29}},"52":{"start":{"line":97,"column":0},"end":{"line":105,"column":2}},"53":{"start":{"line":99,"column":4},"end":{"line":104,"column":5}},"54":{"start":{"line":100,"column":8},"end":{"line":100,"column":33}},"55":{"start":{"line":101,"column":8},"end":{"line":101,"column":41}},"56":{"start":{"line":103,"column":8},"end":{"line":103,"column":65}},"57":{"start":{"line":107,"column":0},"end":{"line":115,"column":2}},"58":{"start":{"line":108,"column":4},"end":{"line":114,"column":5}},"59":{"start":{"line":109,"column":8},"end":{"line":109,"column":44}},"60":{"start":{"line":110,"column":8},"end":{"line":110,"column":51}},"61":{"start":{"line":111,"column":8},"end":{"line":111,"column":29}},"62":{"start":{"line":113,"column":8},"end":{"line":113,"column":27}},"63":{"start":{"line":117,"column":0},"end":{"line":119,"column":2}},"64":{"start":{"line":118,"column":4},"end":{"line":118,"column":39}},"65":{"start":{"line":121,"column":0},"end":{"line":123,"column":2}},"66":{"start":{"line":122,"column":4},"end":{"line":122,"column":42}},"67":{"start":{"line":125,"column":0},"end":{"line":125,"column":22}}},"branchMap":{"1":{"line":11,"type":"if","locations":[{"start":{"line":11,"column":4},"end":{"line":11,"column":4}},{"start":{"line":11,"column":4},"end":{"line":11,"column":4}}]},"2":{"line":11,"type":"binary-expr","locations":[{"start":{"line":11,"column":8},"end":{"line":11,"column":35}},{"start":{"line":11,"column":39},"end":{"line":11,"column":68}}]},"3":{"line":15,"type":"if","locations":[{"start":{"line":15,"column":4},"end":{"line":15,"column":4}},{"start":{"line":15,"column":4},"end":{"line":15,"column":4}}]},"4":{"line":27,"type":"if","locations":[{"start":{"line":27,"column":4},"end":{"line":27,"column":4}},{"start":{"line":27,"column":4},"end":{"line":27,"column":4}}]},"5":{"line":30,"type":"if","locations":[{"start":{"line":30,"column":8},"end":{"line":30,"column":8}},{"start":{"line":30,"column":8},"end":{"line":30,"column":8}}]},"6":{"line":33,"type":"if","locations":[{"start":{"line":33,"column":8},"end":{"line":33,"column":8}},{"start":{"line":33,"column":8},"end":{"line":33,"column":8}}]},"7":{"line":52,"type":"if","locations":[{"start":{"line":52,"column":8},"end":{"line":52,"column":8}},{"start":{"line":52,"column":8},"end":{"line":52,"column":8}}]},"8":{"line":74,"type":"if","locations":[{"start":{"line":74,"column":8},"end":{"line":74,"column":8}},{"start":{"line":74,"column":8},"end":{"line":74,"column":8}}]},"9":{"line":74,"type":"binary-expr","locations":[{"start":{"line":74,"column":12},"end":{"line":74,"column":39}},{"start":{"line":74,"column":43},"end":{"line":74,"column":57}}]},"10":{"line":85,"type":"if","locations":[{"start":{"line":85,"column":4},"end":{"line":85,"column":4}},{"start":{"line":85,"column":4},"end":{"line":85,"column":4}}]},"11":{"line":91,"type":"if","locations":[{"start":{"line":91,"column":4},"end":{"line":91,"column":4}},{"start":{"line":91,"column":4},"end":{"line":91,"column":4}}]},"12":{"line":99,"type":"if","locations":[{"start":{"line":99,"column":4},"end":{"line":99,"column":4}},{"start":{"line":99,"column":4},"end":{"line":99,"column":4}}]}}},"/Users/alexander/Dropbox/FH/nodejs-2014-chat/backend/models/error.js":{"path":"/Users/alexander/Dropbox/FH/nodejs-2014-chat/backend/models/error.js","s":{"1":1,"2":0,"3":1,"4":0,"5":0,"6":0,"7":1,"8":0,"9":1},"b":{"1":[0,0]},"f":{"1":0,"2":0,"3":0},"fnMap":{"1":{"name":"Error","line":1,"loc":{"start":{"line":1,"column":12},"end":{"line":1,"column":42}}},"2":{"name":"(anonymous_2)","line":5,"loc":{"start":{"line":5,"column":26},"end":{"line":5,"column":41}}},"3":{"name":"(anonymous_3)","line":13,"loc":{"start":{"line":13,"column":26},"end":{"line":13,"column":37}}}},"statementMap":{"1":{"start":{"line":1,"column":0},"end":{"line":3,"column":2}},"2":{"start":{"line":2,"column":4},"end":{"line":2,"column":36}},"3":{"start":{"line":5,"column":0},"end":{"line":11,"column":2}},"4":{"start":{"line":6,"column":4},"end":{"line":10,"column":5}},"5":{"start":{"line":7,"column":8},"end":{"line":7,"column":21}},"6":{"start":{"line":9,"column":8},"end":{"line":9,"column":26}},"7":{"start":{"line":13,"column":0},"end":{"line":15,"column":2}},"8":{"start":{"line":14,"column":4},"end":{"line":14,"column":22}},"9":{"start":{"line":17,"column":0},"end":{"line":17,"column":23}}},"branchMap":{"1":{"line":6,"type":"if","locations":[{"start":{"line":6,"column":4},"end":{"line":6,"column":4}},{"start":{"line":6,"column":4},"end":{"line":6,"column":4}}]}}},"/Users/alexander/Dropbox/FH/nodejs-2014-chat/backend/models/room.js":{"path":"/Users/alexander/Dropbox/FH/nodejs-2014-chat/backend/models/room.js","s":{"1":1,"2":1,"3":1,"4":1,"5":2,"6":2,"7":2,"8":2,"9":2,"10":2,"11":1,"12":2,"13":2,"14":0,"15":1,"16":10,"17":10,"18":10,"19":0,"20":0,"21":10,"22":1,"23":2,"24":2,"25":0,"26":1,"27":20,"28":1,"29":0,"30":0,"31":0,"32":0,"33":1,"34":16,"35":16,"36":16,"37":1,"38":0,"39":0,"40":1,"41":16,"42":46,"43":46,"44":1,"45":10,"46":10,"47":10,"48":10,"49":0,"50":1,"51":4,"52":4,"53":4,"54":1,"55":0,"56":1,"57":0,"58":0,"59":0,"60":0,"61":0,"62":0,"63":0,"64":1},"b":{"1":[2,0],"2":[2,0],"3":[0,0],"4":[16,0],"5":[10,0],"6":[0,0],"7":[0,0]},"f":{"1":2,"2":2,"3":10,"4":2,"5":20,"6":0,"7":16,"8":0,"9":16,"10":10,"11":4,"12":0,"13":0},"fnMap":{"1":{"name":"Room","line":5,"loc":{"start":{"line":5,"column":11},"end":{"line":5,"column":40}}},"2":{"name":"(anonymous_2)","line":17,"loc":{"start":{"line":17,"column":28},"end":{"line":17,"column":46}}},"3":{"name":"(anonymous_3)","line":25,"loc":{"start":{"line":25,"column":37},"end":{"line":25,"column":48}}},"4":{"name":"(anonymous_4)","line":35,"loc":{"start":{"line":35,"column":25},"end":{"line":35,"column":40}}},"5":{"name":"(anonymous_5)","line":43,"loc":{"start":{"line":43,"column":25},"end":{"line":43,"column":36}}},"6":{"name":"(anonymous_6)","line":47,"loc":{"start":{"line":47,"column":25},"end":{"line":47,"column":40}}},"7":{"name":"(anonymous_7)","line":56,"loc":{"start":{"line":56,"column":35},"end":{"line":56,"column":53}}},"8":{"name":"(anonymous_8)","line":69,"loc":{"start":{"line":69,"column":28},"end":{"line":69,"column":43}}},"9":{"name":"(anonymous_9)","line":74,"loc":{"start":{"line":74,"column":29},"end":{"line":74,"column":53}}},"10":{"name":"(anonymous_10)","line":82,"loc":{"start":{"line":82,"column":26},"end":{"line":82,"column":41}}},"11":{"name":"(anonymous_11)","line":93,"loc":{"start":{"line":93,"column":24},"end":{"line":93,"column":39}}},"12":{"name":"(anonymous_12)","line":99,"loc":{"start":{"line":99,"column":30},"end":{"line":99,"column":45}}},"13":{"name":"(anonymous_13)","line":103,"loc":{"start":{"line":103,"column":33},"end":{"line":103,"column":57}}}},"statementMap":{"1":{"start":{"line":1,"column":0},"end":{"line":1,"column":31}},"2":{"start":{"line":2,"column":0},"end":{"line":2,"column":29}},"3":{"start":{"line":3,"column":0},"end":{"line":3,"column":32}},"4":{"start":{"line":5,"column":0},"end":{"line":15,"column":2}},"5":{"start":{"line":6,"column":4},"end":{"line":6,"column":22}},"6":{"start":{"line":7,"column":4},"end":{"line":7,"column":23}},"7":{"start":{"line":8,"column":4},"end":{"line":8,"column":21}},"8":{"start":{"line":10,"column":4},"end":{"line":14,"column":5}},"9":{"start":{"line":11,"column":8},"end":{"line":11,"column":27}},"10":{"start":{"line":12,"column":8},"end":{"line":12,"column":33}},"11":{"start":{"line":17,"column":0},"end":{"line":23,"column":2}},"12":{"start":{"line":18,"column":4},"end":{"line":22,"column":5}},"13":{"start":{"line":19,"column":8},"end":{"line":19,"column":32}},"14":{"start":{"line":21,"column":8},"end":{"line":21,"column":74}},"15":{"start":{"line":25,"column":0},"end":{"line":33,"column":2}},"16":{"start":{"line":26,"column":4},"end":{"line":26,"column":30}},"17":{"start":{"line":27,"column":4},"end":{"line":27,"column":20}},"18":{"start":{"line":28,"column":4},"end":{"line":31,"column":5}},"19":{"start":{"line":29,"column":8},"end":{"line":29,"column":39}},"20":{"start":{"line":30,"column":8},"end":{"line":30,"column":62}},"21":{"start":{"line":32,"column":4},"end":{"line":32,"column":28}},"22":{"start":{"line":35,"column":0},"end":{"line":41,"column":2}},"23":{"start":{"line":36,"column":4},"end":{"line":40,"column":5}},"24":{"start":{"line":37,"column":8},"end":{"line":37,"column":26}},"25":{"start":{"line":39,"column":8},"end":{"line":39,"column":72}},"26":{"start":{"line":43,"column":0},"end":{"line":45,"column":2}},"27":{"start":{"line":44,"column":4},"end":{"line":44,"column":22}},"28":{"start":{"line":47,"column":0},"end":{"line":54,"column":2}},"29":{"start":{"line":48,"column":4},"end":{"line":50,"column":5}},"30":{"start":{"line":49,"column":8},"end":{"line":49,"column":69}},"31":{"start":{"line":52,"column":4},"end":{"line":52,"column":29}},"32":{"start":{"line":53,"column":4},"end":{"line":53,"column":26}},"33":{"start":{"line":56,"column":0},"end":{"line":66,"column":1}},"34":{"start":{"line":57,"column":4},"end":{"line":65,"column":5}},"35":{"start":{"line":58,"column":8},"end":{"line":62,"column":10}},"36":{"start":{"line":64,"column":8},"end":{"line":64,"column":34}},"37":{"start":{"line":69,"column":0},"end":{"line":72,"column":1}},"38":{"start":{"line":70,"column":4},"end":{"line":70,"column":42}},"39":{"start":{"line":71,"column":4},"end":{"line":71,"column":30}},"40":{"start":{"line":74,"column":0},"end":{"line":79,"column":1}},"41":{"start":{"line":75,"column":4},"end":{"line":78,"column":5}},"42":{"start":{"line":76,"column":8},"end":{"line":76,"column":41}},"43":{"start":{"line":77,"column":8},"end":{"line":77,"column":43}},"44":{"start":{"line":82,"column":0},"end":{"line":91,"column":1}},"45":{"start":{"line":83,"column":4},"end":{"line":90,"column":5}},"46":{"start":{"line":84,"column":8},"end":{"line":84,"column":31}},"47":{"start":{"line":85,"column":8},"end":{"line":85,"column":49}},"48":{"start":{"line":86,"column":8},"end":{"line":86,"column":69}},"49":{"start":{"line":89,"column":8},"end":{"line":89,"column":72}},"50":{"start":{"line":93,"column":0},"end":{"line":97,"column":1}},"51":{"start":{"line":94,"column":4},"end":{"line":94,"column":46}},"52":{"start":{"line":95,"column":4},"end":{"line":95,"column":33}},"53":{"start":{"line":96,"column":4},"end":{"line":96,"column":63}},"54":{"start":{"line":99,"column":0},"end":{"line":101,"column":1}},"55":{"start":{"line":100,"column":4},"end":{"line":100,"column":44}},"56":{"start":{"line":103,"column":0},"end":{"line":116,"column":2}},"57":{"start":{"line":104,"column":4},"end":{"line":111,"column":5}},"58":{"start":{"line":105,"column":8},"end":{"line":105,"column":70}},"59":{"start":{"line":107,"column":11},"end":{"line":111,"column":5}},"60":{"start":{"line":109,"column":8},"end":{"line":109,"column":75}},"61":{"start":{"line":113,"column":4},"end":{"line":113,"column":13}},"62":{"start":{"line":114,"column":4},"end":{"line":114,"column":35}},"63":{"start":{"line":115,"column":4},"end":{"line":115,"column":23}},"64":{"start":{"line":118,"column":0},"end":{"line":118,"column":22}}},"branchMap":{"1":{"line":18,"type":"if","locations":[{"start":{"line":18,"column":4},"end":{"line":18,"column":4}},{"start":{"line":18,"column":4},"end":{"line":18,"column":4}}]},"2":{"line":36,"type":"if","locations":[{"start":{"line":36,"column":4},"end":{"line":36,"column":4}},{"start":{"line":36,"column":4},"end":{"line":36,"column":4}}]},"3":{"line":48,"type":"if","locations":[{"start":{"line":48,"column":4},"end":{"line":48,"column":4}},{"start":{"line":48,"column":4},"end":{"line":48,"column":4}}]},"4":{"line":57,"type":"if","locations":[{"start":{"line":57,"column":4},"end":{"line":57,"column":4}},{"start":{"line":57,"column":4},"end":{"line":57,"column":4}}]},"5":{"line":83,"type":"if","locations":[{"start":{"line":83,"column":4},"end":{"line":83,"column":4}},{"start":{"line":83,"column":4},"end":{"line":83,"column":4}}]},"6":{"line":104,"type":"if","locations":[{"start":{"line":104,"column":4},"end":{"line":104,"column":4}},{"start":{"line":104,"column":4},"end":{"line":104,"column":4}}]},"7":{"line":107,"type":"if","locations":[{"start":{"line":107,"column":11},"end":{"line":107,"column":11}},{"start":{"line":107,"column":11},"end":{"line":107,"column":11}}]}}},"/Users/alexander/Dropbox/FH/nodejs-2014-chat/backend/models/line.js":{"path":"/Users/alexander/Dropbox/FH/nodejs-2014-chat/backend/models/line.js","s":{"1":1,"2":1,"3":0,"4":0,"5":0,"6":0,"7":0,"8":0,"9":1,"10":0,"11":0,"12":0,"13":1,"14":0,"15":0,"16":0,"17":1,"18":0,"19":1,"20":0,"21":1},"b":{"1":[0,0],"2":[0,0]},"f":{"1":0,"2":0,"3":0,"4":0,"5":0},"fnMap":{"1":{"name":"Line","line":3,"loc":{"start":{"line":3,"column":11},"end":{"line":3,"column":40}}},"2":{"name":"(anonymous_2)","line":13,"loc":{"start":{"line":13,"column":30},"end":{"line":13,"column":50}}},"3":{"name":"(anonymous_3)","line":21,"loc":{"start":{"line":21,"column":25},"end":{"line":21,"column":40}}},"4":{"name":"(anonymous_4)","line":29,"loc":{"start":{"line":29,"column":25},"end":{"line":29,"column":40}}},"5":{"name":"(anonymous_5)","line":33,"loc":{"start":{"line":33,"column":34},"end":{"line":33,"column":45}}}},"statementMap":{"1":{"start":{"line":1,"column":0},"end":{"line":1,"column":29}},"2":{"start":{"line":3,"column":0},"end":{"line":11,"column":2}},"3":{"start":{"line":4,"column":4},"end":{"line":4,"column":27}},"4":{"start":{"line":5,"column":4},"end":{"line":5,"column":22}},"5":{"start":{"line":6,"column":4},"end":{"line":6,"column":22}},"6":{"start":{"line":8,"column":4},"end":{"line":8,"column":24}},"7":{"start":{"line":9,"column":4},"end":{"line":9,"column":23}},"8":{"start":{"line":10,"column":4},"end":{"line":10,"column":26}},"9":{"start":{"line":13,"column":0},"end":{"line":19,"column":2}},"10":{"start":{"line":14,"column":4},"end":{"line":18,"column":5}},"11":{"start":{"line":15,"column":8},"end":{"line":15,"column":36}},"12":{"start":{"line":17,"column":8},"end":{"line":17,"column":37}},"13":{"start":{"line":21,"column":0},"end":{"line":27,"column":2}},"14":{"start":{"line":22,"column":4},"end":{"line":26,"column":5}},"15":{"start":{"line":23,"column":8},"end":{"line":23,"column":26}},"16":{"start":{"line":25,"column":8},"end":{"line":25,"column":80}},"17":{"start":{"line":29,"column":0},"end":{"line":31,"column":2}},"18":{"start":{"line":30,"column":4},"end":{"line":30,"column":22}},"19":{"start":{"line":33,"column":0},"end":{"line":39,"column":2}},"20":{"start":{"line":34,"column":4},"end":{"line":38,"column":5}},"21":{"start":{"line":41,"column":0},"end":{"line":41,"column":22}}},"branchMap":{"1":{"line":14,"type":"if","locations":[{"start":{"line":14,"column":4},"end":{"line":14,"column":4}},{"start":{"line":14,"column":4},"end":{"line":14,"column":4}}]},"2":{"line":22,"type":"if","locations":[{"start":{"line":22,"column":4},"end":{"line":22,"column":4}},{"start":{"line":22,"column":4},"end":{"line":22,"column":4}}]}}},"/Users/alexander/Dropbox/FH/nodejs-2014-chat/backend/models/roomfactory.js":{"path":"/Users/alexander/Dropbox/FH/nodejs-2014-chat/backend/models/roomfactory.js","s":{"1":1,"2":1,"3":1,"4":1,"5":11,"6":2,"7":11,"8":1,"9":1},"b":{"1":[2,9]},"f":{"1":1,"2":11},"fnMap":{"1":{"name":"roomFactory","line":9,"loc":{"start":{"line":9,"column":0},"end":{"line":9,"column":23}}},"2":{"name":"(anonymous_2)","line":12,"loc":{"start":{"line":12,"column":11},"end":{"line":12,"column":30}}}},"statementMap":{"1":{"start":{"line":1,"column":0},"end":{"line":1,"column":29}},"2":{"start":{"line":9,"column":0},"end":{"line":19,"column":1}},"3":{"start":{"line":10,"column":4},"end":{"line":10,"column":19}},"4":{"start":{"line":12,"column":4},"end":{"line":18,"column":5}},"5":{"start":{"line":13,"column":8},"end":{"line":15,"column":9}},"6":{"start":{"line":14,"column":12},"end":{"line":14,"column":53}},"7":{"start":{"line":17,"column":8},"end":{"line":17,"column":31}},"8":{"start":{"line":21,"column":0},"end":{"line":21,"column":35}},"9":{"start":{"line":23,"column":0},"end":{"line":23,"column":32}}},"branchMap":{"1":{"line":13,"type":"if","locations":[{"start":{"line":13,"column":8},"end":{"line":13,"column":8}},{"start":{"line":13,"column":8},"end":{"line":13,"column":8}}]}}}}