TN:
SF:/Users/alexander/Dropbox/FH/nodejs-2014-chat/backend/spec/runner.js
FN:4,(anonymous_1)
FN:8,(anonymous_2)
FN:12,(anonymous_3)
FN:16,(anonymous_4)
FN:17,(anonymous_5)
FN:20,(anonymous_6)
FN:24,(anonymous_7)
FN:28,(anonymous_8)
FN:33,(anonymous_9)
FN:37,(anonymous_10)
FN:42,(anonymous_11)
FN:48,(anonymous_12)
FN:53,(anonymous_13)
FNF:13
FNH:13
FNDA:7,(anonymous_1)
FNDA:46,(anonymous_2)
FNDA:10,(anonymous_3)
FNDA:1,(anonymous_4)
FNDA:1,(anonymous_5)
FNDA:7,(anonymous_6)
FNDA:1,(anonymous_7)
FNDA:1,(anonymous_8)
FNDA:1,(anonymous_9)
FNDA:1,(anonymous_10)
FNDA:1,(anonymous_11)
FNDA:1,(anonymous_12)
FNDA:1,(anonymous_13)
DA:1,1
DA:2,1
DA:4,1
DA:8,1
DA:12,1
DA:16,1
DA:17,1
DA:18,1
DA:20,1
DA:21,7
DA:24,1
DA:25,1
DA:28,1
DA:29,1
DA:30,1
DA:33,1
DA:34,1
DA:37,1
DA:38,1
DA:39,1
DA:42,1
DA:43,1
DA:44,1
DA:45,1
DA:48,1
DA:49,1
DA:50,1
DA:53,1
DA:54,1
DA:55,1
DA:56,1
LF:31
LH:31
BRF:0
BRH:0
end_of_record
TN:
SF:/Users/alexander/Dropbox/FH/nodejs-2014-chat/backend/models/user.js
FN:6,User
FN:26,(anonymous_2)
FN:41,(anonymous_3)
FN:45,(anonymous_4)
FN:49,(anonymous_5)
FN:51,(anonymous_6)
FN:61,(anonymous_7)
FN:66,(anonymous_8)
FN:72,(anonymous_9)
FN:81,(anonymous_10)
FN:90,(anonymous_11)
FN:97,(anonymous_12)
FN:107,(anonymous_13)
FN:117,(anonymous_14)
FN:121,(anonymous_15)
FNF:15
FNH:10
FNDA:7,User
FNDA:9,(anonymous_2)
FNDA:20,(anonymous_3)
FNDA:0,(anonymous_4)
FNDA:0,(anonymous_5)
FNDA:0,(anonymous_6)
FNDA:2,(anonymous_7)
FNDA:1,(anonymous_8)
FNDA:1,(anonymous_9)
FNDA:5,(anonymous_10)
FNDA:18,(anonymous_11)
FNDA:10,(anonymous_12)
FNDA:3,(anonymous_13)
FNDA:0,(anonymous_14)
FNDA:0,(anonymous_15)
DA:1,1
DA:2,1
DA:3,1
DA:4,1
DA:6,1
DA:7,7
DA:8,7
DA:9,7
DA:11,7
DA:12,0
DA:15,7
DA:16,0
DA:19,7
DA:21,7
DA:23,7
DA:26,1
DA:27,9
DA:28,9
DA:29,9
DA:30,9
DA:31,2
DA:33,9
DA:34,0
DA:37,0
DA:41,1
DA:42,20
DA:45,1
DA:46,0
DA:49,1
DA:50,0
DA:51,0
DA:52,0
DA:53,0
DA:55,0
DA:60,1
DA:62,2
DA:63,2
DA:67,1
DA:68,1
DA:69,1
DA:73,1
DA:74,1
DA:75,1
DA:81,1
DA:82,5
DA:85,5
DA:86,4
DA:90,1
DA:91,18
DA:92,7
DA:94,11
DA:97,1
DA:99,10
DA:100,10
DA:101,10
DA:103,0
DA:107,1
DA:108,3
DA:109,3
DA:110,3
DA:111,3
DA:113,0
DA:117,1
DA:118,0
DA:121,1
DA:122,0
DA:125,1
LF:67
LH:53
BRDA:11,1,0,0
BRDA:11,1,1,7
BRDA:11,2,0,7
BRDA:11,2,1,7
BRDA:15,3,0,0
BRDA:15,3,1,7
BRDA:27,4,0,9
BRDA:27,4,1,0
BRDA:30,5,0,2
BRDA:30,5,1,7
BRDA:33,6,0,0
BRDA:33,6,1,9
BRDA:52,7,0,0
BRDA:52,7,1,0
BRDA:74,8,0,1
BRDA:74,8,1,0
BRDA:74,9,0,1
BRDA:74,9,1,1
BRDA:85,10,0,4
BRDA:85,10,1,1
BRDA:91,11,0,7
BRDA:91,11,1,11
BRDA:99,12,0,10
BRDA:99,12,1,0
BRF:24
BRH:16
end_of_record
TN:
SF:/Users/alexander/Dropbox/FH/nodejs-2014-chat/backend/models/error.js
FN:1,Error
FN:5,(anonymous_2)
FN:13,(anonymous_3)
FNF:3
FNH:0
FNDA:0,Error
FNDA:0,(anonymous_2)
FNDA:0,(anonymous_3)
DA:1,1
DA:2,0
DA:5,1
DA:6,0
DA:7,0
DA:9,0
DA:13,1
DA:14,0
DA:17,1
LF:9
LH:4
BRDA:6,1,0,0
BRDA:6,1,1,0
BRF:2
BRH:0
end_of_record
TN:
SF:/Users/alexander/Dropbox/FH/nodejs-2014-chat/backend/models/room.js
FN:5,Room
FN:17,(anonymous_2)
FN:25,(anonymous_3)
FN:35,(anonymous_4)
FN:43,(anonymous_5)
FN:47,(anonymous_6)
FN:56,(anonymous_7)
FN:69,(anonymous_8)
FN:74,(anonymous_9)
FN:82,(anonymous_10)
FN:93,(anonymous_11)
FN:99,(anonymous_12)
FN:103,(anonymous_13)
FNF:13
FNH:9
FNDA:2,Room
FNDA:2,(anonymous_2)
FNDA:10,(anonymous_3)
FNDA:2,(anonymous_4)
FNDA:20,(anonymous_5)
FNDA:0,(anonymous_6)
FNDA:16,(anonymous_7)
FNDA:0,(anonymous_8)
FNDA:16,(anonymous_9)
FNDA:10,(anonymous_10)
FNDA:4,(anonymous_11)
FNDA:0,(anonymous_12)
FNDA:0,(anonymous_13)
DA:1,1
DA:2,1
DA:3,1
DA:5,1
DA:6,2
DA:7,2
DA:8,2
DA:10,2
DA:11,2
DA:12,2
DA:17,1
DA:18,2
DA:19,2
DA:21,0
DA:25,1
DA:26,10
DA:27,10
DA:28,10
DA:29,0
DA:30,0
DA:32,10
DA:35,1
DA:36,2
DA:37,2
DA:39,0
DA:43,1
DA:44,20
DA:47,1
DA:48,0
DA:49,0
DA:52,0
DA:53,0
DA:56,1
DA:57,16
DA:58,16
DA:64,16
DA:69,1
DA:70,0
DA:71,0
DA:74,1
DA:75,16
DA:76,46
DA:77,46
DA:82,1
DA:83,10
DA:84,10
DA:85,10
DA:86,10
DA:89,0
DA:93,1
DA:94,4
DA:95,4
DA:96,4
DA:99,1
DA:100,0
DA:103,1
DA:104,0
DA:105,0
DA:107,0
DA:109,0
DA:113,0
DA:114,0
DA:115,0
DA:118,1
LF:64
LH:45
BRDA:18,1,0,2
BRDA:18,1,1,0
BRDA:36,2,0,2
BRDA:36,2,1,0
BRDA:48,3,0,0
BRDA:48,3,1,0
BRDA:57,4,0,16
BRDA:57,4,1,0
BRDA:83,5,0,10
BRDA:83,5,1,0
BRDA:104,6,0,0
BRDA:104,6,1,0
BRDA:107,7,0,0
BRDA:107,7,1,0
BRF:14
BRH:4
end_of_record
TN:
SF:/Users/alexander/Dropbox/FH/nodejs-2014-chat/backend/models/line.js
FN:3,Line
FN:13,(anonymous_2)
FN:21,(anonymous_3)
FN:29,(anonymous_4)
FN:33,(anonymous_5)
FNF:5
FNH:0
FNDA:0,Line
FNDA:0,(anonymous_2)
FNDA:0,(anonymous_3)
FNDA:0,(anonymous_4)
FNDA:0,(anonymous_5)
DA:1,1
DA:3,1
DA:4,0
DA:5,0
DA:6,0
DA:8,0
DA:9,0
DA:10,0
DA:13,1
DA:14,0
DA:15,0
DA:17,0
DA:21,1
DA:22,0
DA:23,0
DA:25,0
DA:29,1
DA:30,0
DA:33,1
DA:34,0
DA:41,1
LF:21
LH:7
BRDA:14,1,0,0
BRDA:14,1,1,0
BRDA:22,2,0,0
BRDA:22,2,1,0
BRF:4
BRH:0
end_of_record
TN:
SF:/Users/alexander/Dropbox/FH/nodejs-2014-chat/backend/models/roomfactory.js
FN:9,roomFactory
FN:12,(anonymous_2)
FNF:2
FNH:2
FNDA:1,roomFactory
FNDA:11,(anonymous_2)
DA:1,1
DA:9,1
DA:10,1
DA:12,1
DA:13,11
DA:14,2
DA:17,11
DA:21,1
DA:23,1
LF:9
LH:9
BRDA:13,1,0,2
BRDA:13,1,1,9
BRF:2
BRH:2
end_of_record
